========================================== 
NetVal - Network Staging Intelligence Platform 
Started at 2026/02/24 13:08:23,57 
========================================== 
[INFO] Killing existing Python and Node processes... 
[INFO] Checking prerequisites... 
Python 3.8.0
v22.19.0
[INFO] Setting up Backend... 
[INFO] Installing Python dependencies... 
Requirement already satisfied: fastapi==0.110.0 in .\venv\Lib\site-packages (from -r requirements.txt (line 1)) (0.110.0)
Requirement already satisfied: uvicorn==0.29.0 in .\venv\Lib\site-packages (from uvicorn[standard]==0.29.0->-r requirements.txt (line 2)) (0.29.0)
Requirement already satisfied: sqlalchemy==2.0.29 in .\venv\Lib\site-packages (from sqlalchemy[asyncio]==2.0.29->-r requirements.txt (line 3)) (2.0.29)
Requirement already satisfied: aiosqlite==0.20.0 in .\venv\Lib\site-packages (from -r requirements.txt (line 4)) (0.20.0)
Requirement already satisfied: pydantic==2.7.0 in .\venv\Lib\site-packages (from -r requirements.txt (line 5)) (2.7.0)
Requirement already satisfied: pydantic-settings>=2.0.0 in .\venv\Lib\site-packages (from -r requirements.txt (line 6)) (2.13.1)
Requirement already satisfied: networkx==3.3 in .\venv\Lib\site-packages (from -r requirements.txt (line 7)) (3.3)
Requirement already satisfied: ciscoconfparse2 in .\venv\Lib\site-packages (from -r requirements.txt (line 8)) (0.9.16)
Requirement already satisfied: textfsm==1.1.3 in .\venv\Lib\site-packages (from -r requirements.txt (line 9)) (1.1.3)
Requirement already satisfied: ntc-templates in .\venv\Lib\site-packages (from -r requirements.txt (line 10)) (9.0.0)
Requirement already satisfied: paramiko==3.4.0 in .\venv\Lib\site-packages (from -r requirements.txt (line 11)) (3.4.0)
Requirement already satisfied: keyring==25.2.0 in .\venv\Lib\site-packages (from -r requirements.txt (line 12)) (25.2.0)
Requirement already satisfied: httpx==0.27.0 in .\venv\Lib\site-packages (from -r requirements.txt (line 13)) (0.27.0)
Requirement already satisfied: python-multipart==0.0.9 in .\venv\Lib\site-packages (from -r requirements.txt (line 14)) (0.0.9)
Requirement already satisfied: jinja2==3.1.3 in .\venv\Lib\site-packages (from -r requirements.txt (line 15)) (3.1.3)
Requirement already satisfied: starlette<0.37.0,>=0.36.3 in .\venv\Lib\site-packages (from fastapi==0.110.0->-r requirements.txt (line 1)) (0.36.3)
Requirement already satisfied: typing-extensions>=4.8.0 in .\venv\Lib\site-packages (from fastapi==0.110.0->-r requirements.txt (line 1)) (4.15.0)
Requirement already satisfied: annotated-types>=0.4.0 in .\venv\Lib\site-packages (from pydantic==2.7.0->-r requirements.txt (line 5)) (0.7.0)
Requirement already satisfied: pydantic-core==2.18.1 in .\venv\Lib\site-packages (from pydantic==2.7.0->-r requirements.txt (line 5)) (2.18.1)
Requirement already satisfied: click>=7.0 in .\venv\Lib\site-packages (from uvicorn==0.29.0->uvicorn[standard]==0.29.0->-r requirements.txt (line 2)) (8.3.1)
Requirement already satisfied: h11>=0.8 in .\venv\Lib\site-packages (from uvicorn==0.29.0->uvicorn[standard]==0.29.0->-r requirements.txt (line 2)) (0.16.0)
Requirement already satisfied: greenlet!=0.4.17 in .\venv\Lib\site-packages (from sqlalchemy==2.0.29->sqlalchemy[asyncio]==2.0.29->-r requirements.txt (line 3)) (3.3.2)
Requirement already satisfied: six in .\venv\Lib\site-packages (from textfsm==1.1.3->-r requirements.txt (line 9)) (1.17.0)
Requirement already satisfied: future in .\venv\Lib\site-packages (from textfsm==1.1.3->-r requirements.txt (line 9)) (1.0.0)
Requirement already satisfied: bcrypt>=3.2 in .\venv\Lib\site-packages (from paramiko==3.4.0->-r requirements.txt (line 11)) (5.0.0)
Requirement already satisfied: cryptography>=3.3 in .\venv\Lib\site-packages (from paramiko==3.4.0->-r requirements.txt (line 11)) (46.0.5)
Requirement already satisfied: pynacl>=1.5 in .\venv\Lib\site-packages (from paramiko==3.4.0->-r requirements.txt (line 11)) (1.6.2)
Requirement already satisfied: jaraco.classes in .\venv\Lib\site-packages (from keyring==25.2.0->-r requirements.txt (line 12)) (3.4.0)
Requirement already satisfied: jaraco.functools in .\venv\Lib\site-packages (from keyring==25.2.0->-r requirements.txt (line 12)) (4.4.0)
Requirement already satisfied: jaraco.context in .\venv\Lib\site-packages (from keyring==25.2.0->-r requirements.txt (line 12)) (6.1.0)
Requirement already satisfied: importlib-metadata>=4.11.4 in .\venv\Lib\site-packages (from keyring==25.2.0->-r requirements.txt (line 12)) (8.7.1)
Requirement already satisfied: pywin32-ctypes>=0.2.0 in .\venv\Lib\site-packages (from keyring==25.2.0->-r requirements.txt (line 12)) (0.2.3)
Requirement already satisfied: anyio in .\venv\Lib\site-packages (from httpx==0.27.0->-r requirements.txt (line 13)) (4.12.1)
Requirement already satisfied: certifi in .\venv\Lib\site-packages (from httpx==0.27.0->-r requirements.txt (line 13)) (2026.1.4)
Requirement already satisfied: httpcore==1.* in .\venv\Lib\site-packages (from httpx==0.27.0->-r requirements.txt (line 13)) (1.0.9)
Requirement already satisfied: idna in .\venv\Lib\site-packages (from httpx==0.27.0->-r requirements.txt (line 13)) (3.11)
Requirement already satisfied: sniffio in .\venv\Lib\site-packages (from httpx==0.27.0->-r requirements.txt (line 13)) (1.3.1)
Requirement already satisfied: MarkupSafe>=2.0 in .\venv\Lib\site-packages (from jinja2==3.1.3->-r requirements.txt (line 15)) (3.0.3)
Requirement already satisfied: colorama>=0.4 in .\venv\Lib\site-packages (from uvicorn[standard]==0.29.0->-r requirements.txt (line 2)) (0.4.6)
Requirement already satisfied: httptools>=0.5.0 in .\venv\Lib\site-packages (from uvicorn[standard]==0.29.0->-r requirements.txt (line 2)) (0.7.1)
Requirement already satisfied: python-dotenv>=0.13 in .\venv\Lib\site-packages (from uvicorn[standard]==0.29.0->-r requirements.txt (line 2)) (1.2.1)
Requirement already satisfied: pyyaml>=5.1 in .\venv\Lib\site-packages (from uvicorn[standard]==0.29.0->-r requirements.txt (line 2)) (6.0.3)
Requirement already satisfied: watchfiles>=0.13 in .\venv\Lib\site-packages (from uvicorn[standard]==0.29.0->-r requirements.txt (line 2)) (1.1.1)
Requirement already satisfied: websockets>=10.4 in .\venv\Lib\site-packages (from uvicorn[standard]==0.29.0->-r requirements.txt (line 2)) (16.0)
Requirement already satisfied: typing-inspection>=0.4.0 in .\venv\Lib\site-packages (from pydantic-settings>=2.0.0->-r requirements.txt (line 6)) (0.4.2)
Requirement already satisfied: attrs<26.0.0,>24.3.0 in .\venv\Lib\site-packages (from ciscoconfparse2->-r requirements.txt (line 8)) (25.4.0)
Requirement already satisfied: dnspython==2.8.0 in .\venv\Lib\site-packages (from ciscoconfparse2->-r requirements.txt (line 8)) (2.8.0)
Requirement already satisfied: hier-config==2.3.1 in .\venv\Lib\site-packages (from ciscoconfparse2->-r requirements.txt (line 8)) (2.3.1)
Requirement already satisfied: hypothesis==6.150.3 in .\venv\Lib\site-packages (from ciscoconfparse2->-r requirements.txt (line 8)) (6.150.3)
Requirement already satisfied: libpass==1.9.3 in .\venv\Lib\site-packages (from ciscoconfparse2->-r requirements.txt (line 8)) (1.9.3)
Requirement already satisfied: loguru>=0.7.2 in .\venv\Lib\site-packages (from ciscoconfparse2->-r requirements.txt (line 8)) (0.7.3)
Requirement already satisfied: macaddress==2.0.2 in .\venv\Lib\site-packages (from ciscoconfparse2->-r requirements.txt (line 8)) (2.0.2)
Requirement already satisfied: pyparsing==3.3.2 in .\venv\Lib\site-packages (from ciscoconfparse2->-r requirements.txt (line 8)) (3.3.2)
Requirement already satisfied: rich>=14.3.0 in .\venv\Lib\site-packages (from ciscoconfparse2->-r requirements.txt (line 8)) (14.3.3)
Requirement already satisfied: toml==0.10.2 in .\venv\Lib\site-packages (from ciscoconfparse2->-r requirements.txt (line 8)) (0.10.2)
Requirement already satisfied: traitlets==5.14.3 in .\venv\Lib\site-packages (from ciscoconfparse2->-r requirements.txt (line 8)) (5.14.3)
Requirement already satisfied: typeguard==4.4.4 in .\venv\Lib\site-packages (from ciscoconfparse2->-r requirements.txt (line 8)) (4.4.4)
Requirement already satisfied: types-pyyaml<7.0.0.0,>=6.0.12.12 in .\venv\Lib\site-packages (from hier-config==2.3.1->ciscoconfparse2->-r requirements.txt (line 8)) (6.0.12.20250915)
Requirement already satisfied: sortedcontainers<3.0.0,>=2.1.0 in .\venv\Lib\site-packages (from hypothesis==6.150.3->ciscoconfparse2->-r requirements.txt (line 8)) (2.4.0)
Requirement already satisfied: cffi>=2.0.0 in .\venv\Lib\site-packages (from cryptography>=3.3->paramiko==3.4.0->-r requirements.txt (line 11)) (2.0.0)
Requirement already satisfied: pycparser in .\venv\Lib\site-packages (from cffi>=2.0.0->cryptography>=3.3->paramiko==3.4.0->-r requirements.txt (line 11)) (3.0)
Requirement already satisfied: zipp>=3.20 in .\venv\Lib\site-packages (from importlib-metadata>=4.11.4->keyring==25.2.0->-r requirements.txt (line 12)) (3.23.0)
Requirement already satisfied: win32-setctime>=1.0.0 in .\venv\Lib\site-packages (from loguru>=0.7.2->ciscoconfparse2->-r requirements.txt (line 8)) (1.2.0)
Requirement already satisfied: markdown-it-py>=2.2.0 in .\venv\Lib\site-packages (from rich>=14.3.0->ciscoconfparse2->-r requirements.txt (line 8)) (4.0.0)
Requirement already satisfied: pygments<3.0.0,>=2.13.0 in .\venv\Lib\site-packages (from rich>=14.3.0->ciscoconfparse2->-r requirements.txt (line 8)) (2.19.2)
Requirement already satisfied: mdurl~=0.1 in .\venv\Lib\site-packages (from markdown-it-py>=2.2.0->rich>=14.3.0->ciscoconfparse2->-r requirements.txt (line 8)) (0.1.2)
Requirement already satisfied: more-itertools in .\venv\Lib\site-packages (from jaraco.classes->keyring==25.2.0->-r requirements.txt (line 12)) (10.8.0)
Requirement already satisfied: backports.tarfile in .\venv\Lib\site-packages (from jaraco.context->keyring==25.2.0->-r requirements.txt (line 12)) (1.2.0)
[INFO] Starting Backend Server... 
[INFO] Setting up Frontend... 
[INFO] Starting Frontend Server... 
[INFO] Launching Application... 
